<?xml version="1.0" encoding="UTF-8"?>
<TestRun id="5703afbc-581f-49d9-9879-f8cdad5d5eb4" name="brian.salato@BSALATO73HOU 2012-09-12 13:23:38" runUser="PARIVEDA\brian.salato" xmlns="http://microsoft.com/schemas/VisualStudio/TeamTest/2010">
  <TestSettings name="Default Test Settings" id="ce9ad47a-4aac-4095-9d8a-c95d6309e56d">
    <Deployment runDeploymentRoot="brian.salato_BSALATO73HOU 2012-09-12 13_23_38">
      <DeploymentItem filename="E:\Pariveda\Personal\Irving\packages\Moq.4.0.10827\lib\NET40\Moq.dll" />
      <DeploymentItem filename="E:\Pariveda\Personal\Irving\Irving.Web\bin\Irving.Web.dll" />
    </Deployment>
    <Execution>
      <TestTypeSpecific />
      <AgentRule name="Execution Agents">
      </AgentRule>
    </Execution>
  </TestSettings>
  <Times creation="2012-09-12T13:23:38.9492708-05:00" queuing="2012-09-12T13:23:41.2224008-05:00" start="2012-09-12T13:23:41.2884046-05:00" finish="2012-09-12T13:23:42.4404704-05:00" />
  <ResultSummary outcome="Failed">
    <Counters total="1" executed="1" error="0" failed="1" timeout="0" aborted="0" inconclusive="0" passedButRunAborted="0" notRunnable="0" notExecuted="0" disconnected="0" warning="0" passed="0" completed="0" inProgress="0" pending="0" />
  </ResultSummary>
  <TestDefinitions>
    <UnitTest name="Dashboard_No_Errors" storage="e:\pariveda\personal\irving\irving.web.tests\bin\debug\irving.web.tests.dll" id="8fd16ee4-9d76-5881-3a9f-da9d936708ce">
      <Execution id="2d9ef890-b835-4aca-a494-45503abe59c5" />
      <TestMethod codeBase="E:/Pariveda/Personal/Irving/Irving.Web.Tests/bin/Debug/Irving.Web.Tests.DLL" adapterTypeName="Microsoft.VisualStudio.TestTools.TestTypes.Unit.UnitTestAdapter, Microsoft.VisualStudio.QualityTools.Tips.UnitTest.Adapter, Version=10.0.0.0, Culture=neutral, PublicKeyToken=b03f5f7f11d50a3a" className="Irving.Web.Tests.Controllers.HomeControllerTest, Irving.Web.Tests, Version=1.0.0.0, Culture=neutral, PublicKeyToken=null" name="Dashboard_No_Errors" />
    </UnitTest>
  </TestDefinitions>
  <TestLists>
    <TestList name="Results Not in a List" id="8c84fa94-04c1-424b-9868-57a2d4851a1d" />
    <TestList name="All Loaded Results" id="19431567-8539-422a-85d7-44ee4e166bda" />
  </TestLists>
  <TestEntries>
    <TestEntry testId="8fd16ee4-9d76-5881-3a9f-da9d936708ce" executionId="2d9ef890-b835-4aca-a494-45503abe59c5" testListId="8c84fa94-04c1-424b-9868-57a2d4851a1d" />
  </TestEntries>
  <Results>
    <UnitTestResult executionId="2d9ef890-b835-4aca-a494-45503abe59c5" testId="8fd16ee4-9d76-5881-3a9f-da9d936708ce" testName="Dashboard_No_Errors" computerName="BSALATO73HOU" duration="00:00:00.5595050" startTime="2012-09-12T13:23:41.4004110-05:00" endTime="2012-09-12T13:23:42.3604659-05:00" testType="13cdc9d9-ddb5-4fa4-a97d-d965ccfc6d4b" outcome="Failed" testListId="8c84fa94-04c1-424b-9868-57a2d4851a1d" relativeResultsDirectory="2d9ef890-b835-4aca-a494-45503abe59c5">
      <Output>
        <ErrorInfo>
          <Message>Test method Irving.Web.Tests.Controllers.HomeControllerTest.Dashboard_No_Errors threw exception: 
System.NotImplementedException: The method or operation is not implemented.</Message>
          <StackTrace>    at Irving.Web.DAL.Repository`1.Get(DbFilter filter) in E:\Pariveda\Personal\Irving\Irving.Web\DAL\Repository.cs:line 14
   at Irving.Web.Controllers.HomeController.Dashboard() in E:\Pariveda\Personal\Irving\Irving.Web\Controllers\HomeController.cs:line 44
   at Irving.Web.Tests.Controllers.HomeControllerTest.Dashboard_No_Errors() in E:\Pariveda\Personal\Irving\Irving.Web.Tests\Controllers\HomeControllerTest.cs:line 71
</StackTrace>
        </ErrorInfo>
      </Output>
    </UnitTestResult>
  </Results>
</TestRun>