<?xml version="1.0" encoding="UTF-8"?>
<TestRun id="c63898a0-7e4c-4f6e-a571-d4a35e498af9" name="brian.salato@BSALATO73HOU 2012-09-12 13:28:58" runUser="PARIVEDA\brian.salato" xmlns="http://microsoft.com/schemas/VisualStudio/TeamTest/2010">
  <TestSettings name="Default Test Settings" id="c6b46677-e668-495c-b4f6-915a8f76eb96">
    <Deployment runDeploymentRoot="brian.salato_BSALATO73HOU 2012-09-12 13_28_58">
      <DeploymentItem filename="E:\Pariveda\Personal\Irving\packages\Moq.4.0.10827\lib\NET40\Moq.dll" />
      <DeploymentItem filename="E:\Pariveda\Personal\Irving\Irving.Web\bin\Irving.Web.dll" />
    </Deployment>
    <Execution>
      <TestTypeSpecific />
      <AgentRule name="Execution Agents">
      </AgentRule>
    </Execution>
  </TestSettings>
  <Times creation="2012-09-12T13:28:58.1945305-05:00" queuing="2012-09-12T13:28:58.3345386-05:00" start="2012-09-12T13:28:58.3395388-05:00" finish="2012-09-12T13:28:58.7015595-05:00" />
  <ResultSummary outcome="Completed">
    <Counters total="1" executed="1" passed="1" error="0" failed="0" timeout="0" aborted="0" inconclusive="0" passedButRunAborted="0" notRunnable="0" notExecuted="0" disconnected="0" warning="0" completed="0" inProgress="0" pending="0" />
  </ResultSummary>
  <TestDefinitions>
    <UnitTest name="Dashboard_No_Errors" storage="e:\pariveda\personal\irving\irving.web.tests\bin\debug\irving.web.tests.dll" id="8fd16ee4-9d76-5881-3a9f-da9d936708ce">
      <Execution id="66db3495-7c25-4b82-8c9a-c97b90859523" />
      <TestMethod codeBase="E:/Pariveda/Personal/Irving/Irving.Web.Tests/bin/Debug/Irving.Web.Tests.DLL" adapterTypeName="Microsoft.VisualStudio.TestTools.TestTypes.Unit.UnitTestAdapter, Microsoft.VisualStudio.QualityTools.Tips.UnitTest.Adapter, Version=10.0.0.0, Culture=neutral, PublicKeyToken=b03f5f7f11d50a3a" className="Irving.Web.Tests.Controllers.HomeControllerTest, Irving.Web.Tests, Version=1.0.0.0, Culture=neutral, PublicKeyToken=null" name="Dashboard_No_Errors" />
    </UnitTest>
  </TestDefinitions>
  <TestLists>
    <TestList name="Results Not in a List" id="8c84fa94-04c1-424b-9868-57a2d4851a1d" />
    <TestList name="All Loaded Results" id="19431567-8539-422a-85d7-44ee4e166bda" />
  </TestLists>
  <TestEntries>
    <TestEntry testId="8fd16ee4-9d76-5881-3a9f-da9d936708ce" executionId="66db3495-7c25-4b82-8c9a-c97b90859523" testListId="8c84fa94-04c1-424b-9868-57a2d4851a1d" />
  </TestEntries>
  <Results>
    <UnitTestResult executionId="66db3495-7c25-4b82-8c9a-c97b90859523" testId="8fd16ee4-9d76-5881-3a9f-da9d936708ce" testName="Dashboard_No_Errors" computerName="BSALATO73HOU" duration="00:00:00.1989271" startTime="2012-09-12T13:28:58.3415390-05:00" endTime="2012-09-12T13:28:58.6905589-05:00" testType="13cdc9d9-ddb5-4fa4-a97d-d965ccfc6d4b" outcome="Passed" testListId="8c84fa94-04c1-424b-9868-57a2d4851a1d" relativeResultsDirectory="66db3495-7c25-4b82-8c9a-c97b90859523">
    </UnitTestResult>
  </Results>
</TestRun>